mode: set
vk-test-spring/internal/controller/httpv1/actors_handler.go:25.68,29.2 1 0
vk-test-spring/internal/controller/httpv1/actors_handler.go:31.75,32.9 1 0
vk-test-spring/internal/controller/httpv1/actors_handler.go:33.70,35.9 2 0
vk-test-spring/internal/controller/httpv1/actors_handler.go:36.71,38.9 2 0
vk-test-spring/internal/controller/httpv1/actors_handler.go:40.70,42.9 2 0
vk-test-spring/internal/controller/httpv1/actors_handler.go:44.70,46.9 2 0
vk-test-spring/internal/controller/httpv1/actors_handler.go:48.70,50.9 2 0
vk-test-spring/internal/controller/httpv1/actors_handler.go:51.10,52.9 1 0
vk-test-spring/internal/controller/httpv1/actors_handler.go:65.74,67.63 2 0
vk-test-spring/internal/controller/httpv1/actors_handler.go:67.63,70.3 2 0
vk-test-spring/internal/controller/httpv1/actors_handler.go:72.2,82.16 2 0
vk-test-spring/internal/controller/httpv1/actors_handler.go:82.16,83.26 1 0
vk-test-spring/internal/controller/httpv1/actors_handler.go:84.27,86.10 2 0
vk-test-spring/internal/controller/httpv1/actors_handler.go:87.11,89.10 2 0
vk-test-spring/internal/controller/httpv1/actors_handler.go:93.2,93.35 1 0
vk-test-spring/internal/controller/httpv1/actors_handler.go:106.77,108.63 2 0
vk-test-spring/internal/controller/httpv1/actors_handler.go:108.63,111.3 2 0
vk-test-spring/internal/controller/httpv1/actors_handler.go:113.2,114.16 2 0
vk-test-spring/internal/controller/httpv1/actors_handler.go:114.16,117.3 2 0
vk-test-spring/internal/controller/httpv1/actors_handler.go:119.2,131.16 2 0
vk-test-spring/internal/controller/httpv1/actors_handler.go:131.16,132.26 1 0
vk-test-spring/internal/controller/httpv1/actors_handler.go:133.27,135.10 2 0
vk-test-spring/internal/controller/httpv1/actors_handler.go:136.11,138.10 2 0
vk-test-spring/internal/controller/httpv1/actors_handler.go:142.2,142.30 1 0
vk-test-spring/internal/controller/httpv1/actors_handler.go:145.77,147.16 2 0
vk-test-spring/internal/controller/httpv1/actors_handler.go:147.16,150.3 2 0
vk-test-spring/internal/controller/httpv1/actors_handler.go:152.2,153.16 2 0
vk-test-spring/internal/controller/httpv1/actors_handler.go:153.16,154.26 1 0
vk-test-spring/internal/controller/httpv1/actors_handler.go:155.27,157.10 2 0
vk-test-spring/internal/controller/httpv1/actors_handler.go:158.11,160.10 2 0
vk-test-spring/internal/controller/httpv1/actors_handler.go:164.2,164.30 1 0
vk-test-spring/internal/controller/httpv1/actors_handler.go:167.78,169.16 2 0
vk-test-spring/internal/controller/httpv1/actors_handler.go:169.16,170.26 1 0
vk-test-spring/internal/controller/httpv1/actors_handler.go:171.27,173.10 2 0
vk-test-spring/internal/controller/httpv1/actors_handler.go:174.11,176.10 2 0
vk-test-spring/internal/controller/httpv1/actors_handler.go:180.2,181.16 2 0
vk-test-spring/internal/controller/httpv1/actors_handler.go:181.16,184.3 2 0
vk-test-spring/internal/controller/httpv1/actors_handler.go:186.2,187.23 2 0
vk-test-spring/internal/controller/httpv1/actors_handler.go:190.78,192.16 2 0
vk-test-spring/internal/controller/httpv1/actors_handler.go:192.16,195.3 2 0
vk-test-spring/internal/controller/httpv1/actors_handler.go:197.2,198.16 2 0
vk-test-spring/internal/controller/httpv1/actors_handler.go:198.16,199.26 1 0
vk-test-spring/internal/controller/httpv1/actors_handler.go:200.27,202.10 2 0
vk-test-spring/internal/controller/httpv1/actors_handler.go:203.11,205.10 2 0
vk-test-spring/internal/controller/httpv1/actors_handler.go:209.2,210.16 2 0
vk-test-spring/internal/controller/httpv1/actors_handler.go:210.16,212.3 1 0
vk-test-spring/internal/controller/httpv1/actors_handler.go:214.2,215.23 2 0
vk-test-spring/internal/controller/httpv1/actors_handler.go:218.80,222.16 3 0
vk-test-spring/internal/controller/httpv1/actors_handler.go:222.16,225.3 2 0
vk-test-spring/internal/controller/httpv1/actors_handler.go:227.2,228.16 2 0
vk-test-spring/internal/controller/httpv1/actors_handler.go:228.16,229.26 1 0
vk-test-spring/internal/controller/httpv1/actors_handler.go:230.27,232.10 2 0
vk-test-spring/internal/controller/httpv1/actors_handler.go:233.11,235.10 2 0
vk-test-spring/internal/controller/httpv1/actors_handler.go:239.2,240.16 2 0
vk-test-spring/internal/controller/httpv1/actors_handler.go:240.16,243.3 2 0
vk-test-spring/internal/controller/httpv1/actors_handler.go:245.2,246.23 2 0
vk-test-spring/internal/controller/httpv1/actors_handler.go:249.83,251.21 2 0
vk-test-spring/internal/controller/httpv1/actors_handler.go:251.21,253.3 1 0
vk-test-spring/internal/controller/httpv1/actors_handler.go:254.2,254.29 1 0
vk-test-spring/internal/controller/httpv1/films_handler.go:27.64,31.2 1 0
vk-test-spring/internal/controller/httpv1/films_handler.go:33.74,34.9 1 0
vk-test-spring/internal/controller/httpv1/films_handler.go:35.79,37.10 2 0
vk-test-spring/internal/controller/httpv1/films_handler.go:38.33,40.10 2 0
vk-test-spring/internal/controller/httpv1/films_handler.go:41.39,43.10 2 0
vk-test-spring/internal/controller/httpv1/films_handler.go:44.11,46.10 2 0
vk-test-spring/internal/controller/httpv1/films_handler.go:49.70,51.9 2 0
vk-test-spring/internal/controller/httpv1/films_handler.go:53.70,55.9 2 0
vk-test-spring/internal/controller/httpv1/films_handler.go:57.70,59.9 2 0
vk-test-spring/internal/controller/httpv1/films_handler.go:60.10,61.9 1 0
vk-test-spring/internal/controller/httpv1/films_handler.go:73.72,75.62 2 0
vk-test-spring/internal/controller/httpv1/films_handler.go:75.62,78.3 2 0
vk-test-spring/internal/controller/httpv1/films_handler.go:80.2,89.16 2 0
vk-test-spring/internal/controller/httpv1/films_handler.go:89.16,90.26 1 0
vk-test-spring/internal/controller/httpv1/films_handler.go:91.27,93.10 2 0
vk-test-spring/internal/controller/httpv1/films_handler.go:94.11,96.10 2 0
vk-test-spring/internal/controller/httpv1/films_handler.go:100.2,100.35 1 0
vk-test-spring/internal/controller/httpv1/films_handler.go:112.75,114.62 2 0
vk-test-spring/internal/controller/httpv1/films_handler.go:114.62,117.3 2 0
vk-test-spring/internal/controller/httpv1/films_handler.go:119.2,120.16 2 0
vk-test-spring/internal/controller/httpv1/films_handler.go:120.16,123.3 2 0
vk-test-spring/internal/controller/httpv1/films_handler.go:125.2,136.16 2 0
vk-test-spring/internal/controller/httpv1/films_handler.go:136.16,137.26 1 0
vk-test-spring/internal/controller/httpv1/films_handler.go:138.27,140.10 2 0
vk-test-spring/internal/controller/httpv1/films_handler.go:141.11,143.10 2 0
vk-test-spring/internal/controller/httpv1/films_handler.go:147.2,147.30 1 0
vk-test-spring/internal/controller/httpv1/films_handler.go:150.75,152.16 2 0
vk-test-spring/internal/controller/httpv1/films_handler.go:152.16,155.3 2 0
vk-test-spring/internal/controller/httpv1/films_handler.go:157.2,158.16 2 0
vk-test-spring/internal/controller/httpv1/films_handler.go:158.16,159.26 1 0
vk-test-spring/internal/controller/httpv1/films_handler.go:160.27,162.10 2 0
vk-test-spring/internal/controller/httpv1/films_handler.go:163.11,165.10 2 0
vk-test-spring/internal/controller/httpv1/films_handler.go:169.2,169.30 1 0
vk-test-spring/internal/controller/httpv1/films_handler.go:172.76,176.16 3 0
vk-test-spring/internal/controller/httpv1/films_handler.go:176.16,177.26 1 0
vk-test-spring/internal/controller/httpv1/films_handler.go:178.27,180.10 2 0
vk-test-spring/internal/controller/httpv1/films_handler.go:181.11,183.10 2 0
vk-test-spring/internal/controller/httpv1/films_handler.go:187.2,188.16 2 0
vk-test-spring/internal/controller/httpv1/films_handler.go:188.16,191.3 2 0
vk-test-spring/internal/controller/httpv1/films_handler.go:193.2,194.23 2 0
vk-test-spring/internal/controller/httpv1/films_handler.go:197.79,203.16 5 0
vk-test-spring/internal/controller/httpv1/films_handler.go:203.16,204.26 1 0
vk-test-spring/internal/controller/httpv1/films_handler.go:205.27,207.10 2 0
vk-test-spring/internal/controller/httpv1/films_handler.go:208.11,210.10 2 0
vk-test-spring/internal/controller/httpv1/films_handler.go:214.2,215.16 2 0
vk-test-spring/internal/controller/httpv1/films_handler.go:215.16,218.3 2 0
vk-test-spring/internal/controller/httpv1/films_handler.go:220.2,221.23 2 0
vk-test-spring/internal/controller/httpv1/films_handler.go:224.80,230.16 5 0
vk-test-spring/internal/controller/httpv1/films_handler.go:230.16,231.26 1 0
vk-test-spring/internal/controller/httpv1/films_handler.go:232.27,234.10 2 0
vk-test-spring/internal/controller/httpv1/films_handler.go:235.11,237.10 2 0
vk-test-spring/internal/controller/httpv1/films_handler.go:241.2,242.16 2 0
vk-test-spring/internal/controller/httpv1/films_handler.go:242.16,245.3 2 0
vk-test-spring/internal/controller/httpv1/films_handler.go:247.2,248.23 2 0
vk-test-spring/internal/controller/httpv1/films_handler.go:251.81,253.21 2 0
vk-test-spring/internal/controller/httpv1/films_handler.go:253.21,255.3 1 0
vk-test-spring/internal/controller/httpv1/films_handler.go:257.2,257.29 1 0
vk-test-spring/internal/controller/httpv1/films_handler.go:260.69,266.40 5 0
vk-test-spring/internal/controller/httpv1/films_handler.go:266.40,271.3 3 0
vk-test-spring/internal/controller/httpv1/films_handler.go:273.2,276.27 3 0
vk-test-spring/internal/controller/httpv1/users_handler.go:18.64,22.2 1 0
vk-test-spring/internal/controller/httpv1/users_handler.go:24.75,26.2 0 0
vk-test-spring/internal/controller/httpv1/users_handler.go:28.76,30.2 0 0
vk-test-spring/internal/controller/httpv1/users_handler.go:32.76,34.2 0 0
vk-test-spring/internal/controller/httpv1/users_handler.go:36.76,38.2 0 0
vk-test-spring/internal/controller/httpv1/users_handler.go:40.90,42.2 1 0
vk-test-spring/internal/service/actors.go:20.62,24.2 1 0
vk-test-spring/internal/service/actors.go:34.39,36.16 2 1
vk-test-spring/internal/service/actors.go:36.16,38.3 1 1
vk-test-spring/internal/service/actors.go:40.2,41.16 2 1
vk-test-spring/internal/service/actors.go:41.16,43.3 1 1
vk-test-spring/internal/service/actors.go:45.2,46.16 2 1
vk-test-spring/internal/service/actors.go:46.16,48.3 1 1
vk-test-spring/internal/service/actors.go:50.2,50.12 1 1
vk-test-spring/internal/service/actors.go:53.50,56.9 3 1
vk-test-spring/internal/service/actors.go:57.68,59.89 1 1
vk-test-spring/internal/service/actors.go:60.24,62.47 1 1
vk-test-spring/internal/service/actors.go:63.34,65.47 1 1
vk-test-spring/internal/service/actors.go:66.30,68.53 1 1
vk-test-spring/internal/service/actors.go:69.40,71.53 1 1
vk-test-spring/internal/service/actors.go:72.40,74.53 1 1
vk-test-spring/internal/service/actors.go:75.36,77.83 1 1
vk-test-spring/internal/service/actors.go:78.42,80.89 1 1
vk-test-spring/internal/service/actors.go:81.10,82.13 1 1
vk-test-spring/internal/service/actors.go:86.42,87.65 1 1
vk-test-spring/internal/service/actors.go:87.65,90.3 1 1
vk-test-spring/internal/service/actors.go:92.2,92.12 1 1
vk-test-spring/internal/service/actors.go:95.42,97.16 2 1
vk-test-spring/internal/service/actors.go:97.16,99.3 1 1
vk-test-spring/internal/service/actors.go:101.2,103.45 2 1
vk-test-spring/internal/service/actors.go:103.45,106.3 1 1
vk-test-spring/internal/service/actors.go:108.2,108.12 1 1
vk-test-spring/internal/service/actors.go:116.85,118.16 2 1
vk-test-spring/internal/service/actors.go:118.16,120.3 1 1
vk-test-spring/internal/service/actors.go:122.2,131.16 3 1
vk-test-spring/internal/service/actors.go:131.16,133.3 1 0
vk-test-spring/internal/service/actors.go:135.2,135.12 1 1
vk-test-spring/internal/service/actors.go:145.88,156.16 3 1
vk-test-spring/internal/service/actors.go:156.16,158.3 1 1
vk-test-spring/internal/service/actors.go:160.2,173.16 4 1
vk-test-spring/internal/service/actors.go:173.16,175.3 1 0
vk-test-spring/internal/service/actors.go:177.2,177.60 1 1
vk-test-spring/internal/service/actors.go:177.60,179.17 2 1
vk-test-spring/internal/service/actors.go:179.17,181.4 1 1
vk-test-spring/internal/service/actors.go:184.2,185.16 2 1
vk-test-spring/internal/service/actors.go:185.16,187.3 1 0
vk-test-spring/internal/service/actors.go:189.2,189.12 1 1
vk-test-spring/internal/service/actors.go:192.83,194.2 1 1
vk-test-spring/internal/service/actors.go:196.83,198.2 1 1
vk-test-spring/internal/service/actors.go:200.100,202.2 1 1
vk-test-spring/internal/service/actors.go:204.98,206.2 1 1
vk-test-spring/internal/service/actors.go:208.103,209.22 1 1
vk-test-spring/internal/service/actors.go:209.22,211.3 1 1
vk-test-spring/internal/service/actors.go:212.2,212.28 1 1
vk-test-spring/internal/service/actors.go:212.28,214.3 1 1
vk-test-spring/internal/service/actors.go:215.2,215.28 1 1
vk-test-spring/internal/service/actors.go:215.28,217.3 1 1
vk-test-spring/internal/service/actors.go:218.2,218.21 1 1
vk-test-spring/internal/service/actors.go:218.21,220.3 1 1
vk-test-spring/internal/service/actors.go:221.2,221.29 1 1
vk-test-spring/internal/service/actors.go:221.29,223.3 1 1
vk-test-spring/internal/service/actors.go:225.2,225.19 1 1
vk-test-spring/internal/service/actors.go:228.128,229.31 1 1
vk-test-spring/internal/service/actors.go:229.31,230.37 1 1
vk-test-spring/internal/service/actors.go:230.37,232.4 1 1
vk-test-spring/internal/service/actors.go:235.2,236.33 2 1
vk-test-spring/internal/service/actors.go:236.33,238.3 1 1
vk-test-spring/internal/service/actors.go:240.2,240.31 1 1
vk-test-spring/internal/service/actors.go:240.31,241.43 1 1
vk-test-spring/internal/service/actors.go:241.43,243.4 1 1
vk-test-spring/internal/service/actors.go:246.2,246.31 1 1
vk-test-spring/internal/service/actors.go:246.31,247.44 1 1
vk-test-spring/internal/service/actors.go:247.44,249.4 1 1
vk-test-spring/internal/service/actors.go:252.2,252.12 1 1
vk-test-spring/internal/service/films.go:19.59,23.2 1 0
vk-test-spring/internal/service/films.go:32.38,34.16 2 1
vk-test-spring/internal/service/films.go:34.16,36.3 1 1
vk-test-spring/internal/service/films.go:38.2,39.16 2 1
vk-test-spring/internal/service/films.go:39.16,41.3 1 1
vk-test-spring/internal/service/films.go:43.2,44.16 2 1
vk-test-spring/internal/service/films.go:44.16,46.3 1 1
vk-test-spring/internal/service/films.go:48.2,49.16 2 1
vk-test-spring/internal/service/films.go:49.16,51.3 1 1
vk-test-spring/internal/service/films.go:53.2,53.12 1 1
vk-test-spring/internal/service/films.go:56.42,57.9 1 1
vk-test-spring/internal/service/films.go:58.26,60.34 1 1
vk-test-spring/internal/service/films.go:61.25,62.50 1 1
vk-test-spring/internal/service/films.go:63.10,64.13 1 1
vk-test-spring/internal/service/films.go:68.49,69.32 1 1
vk-test-spring/internal/service/films.go:69.32,72.3 1 1
vk-test-spring/internal/service/films.go:73.2,73.29 1 1
vk-test-spring/internal/service/films.go:73.29,75.3 1 1
vk-test-spring/internal/service/films.go:77.2,77.12 1 1
vk-test-spring/internal/service/films.go:80.42,82.16 2 1
vk-test-spring/internal/service/films.go:82.16,84.3 1 1
vk-test-spring/internal/service/films.go:86.2,88.22 2 1
vk-test-spring/internal/service/films.go:88.22,91.3 1 0
vk-test-spring/internal/service/films.go:93.2,93.12 1 1
vk-test-spring/internal/service/films.go:96.44,97.9 1 1
vk-test-spring/internal/service/films.go:98.21,100.31 1 1
vk-test-spring/internal/service/films.go:101.22,103.31 1 1
vk-test-spring/internal/service/films.go:104.10,105.13 1 1
vk-test-spring/internal/service/films.go:114.85,116.16 2 1
vk-test-spring/internal/service/films.go:116.16,118.3 1 1
vk-test-spring/internal/service/films.go:120.2,128.16 3 1
vk-test-spring/internal/service/films.go:128.16,130.3 1 0
vk-test-spring/internal/service/films.go:132.2,132.12 1 1
vk-test-spring/internal/service/films.go:142.83,152.16 3 1
vk-test-spring/internal/service/films.go:152.16,154.3 1 1
vk-test-spring/internal/service/films.go:156.2,157.16 2 1
vk-test-spring/internal/service/films.go:157.16,159.3 1 0
vk-test-spring/internal/service/films.go:161.2,168.16 3 1
vk-test-spring/internal/service/films.go:168.16,170.3 1 0
vk-test-spring/internal/service/films.go:172.2,172.62 1 1
vk-test-spring/internal/service/films.go:172.62,174.17 2 1
vk-test-spring/internal/service/films.go:174.17,176.4 1 0
vk-test-spring/internal/service/films.go:179.2,180.16 2 1
vk-test-spring/internal/service/films.go:180.16,182.3 1 0
vk-test-spring/internal/service/films.go:184.2,184.12 1 1
vk-test-spring/internal/service/films.go:186.80,188.2 1 0
vk-test-spring/internal/service/films.go:189.80,191.2 1 0
vk-test-spring/internal/service/films.go:192.99,194.2 1 0
vk-test-spring/internal/service/films.go:195.106,198.2 1 0
vk-test-spring/internal/service/films.go:200.97,201.21 1 1
vk-test-spring/internal/service/films.go:201.21,203.3 1 0
vk-test-spring/internal/service/films.go:205.2,205.28 1 1
vk-test-spring/internal/service/films.go:205.28,207.3 1 0
vk-test-spring/internal/service/films.go:209.2,209.22 1 1
vk-test-spring/internal/service/films.go:209.22,211.3 1 0
vk-test-spring/internal/service/films.go:213.2,213.21 1 1
vk-test-spring/internal/service/films.go:213.21,215.3 1 0
vk-test-spring/internal/service/films.go:217.2,217.18 1 1
vk-test-spring/internal/service/films.go:220.132,221.32 1 1
vk-test-spring/internal/service/films.go:221.32,222.38 1 1
vk-test-spring/internal/service/films.go:222.38,224.4 1 0
vk-test-spring/internal/service/films.go:227.2,228.34 2 1
vk-test-spring/internal/service/films.go:228.34,230.3 1 0
vk-test-spring/internal/service/films.go:232.2,232.32 1 1
vk-test-spring/internal/service/films.go:232.32,233.44 1 1
vk-test-spring/internal/service/films.go:233.44,235.4 1 0
vk-test-spring/internal/service/films.go:238.2,238.32 1 1
vk-test-spring/internal/service/films.go:238.32,239.45 1 0
vk-test-spring/internal/service/films.go:239.45,241.4 1 0
vk-test-spring/internal/service/films.go:244.2,244.12 1 1
vk-test-spring/internal/service/service.go:41.60,47.2 1 0
vk-test-spring/internal/service/users.go:12.59,16.2 1 0
vk-test-spring/internal/service/users.go:21.79,23.2 1 0
vk-test-spring/internal/service/users.go:25.77,27.2 1 0
vk-test-spring/internal/service/users.go:29.90,31.2 1 0
vk-test-spring/internal/service/users.go:33.96,35.46 2 0
vk-test-spring/internal/service/users.go:35.46,37.3 1 0
vk-test-spring/internal/service/users.go:39.2,39.26 1 0
